[2022-08-30T20:28:50.364] [WARN] warnArchive - Estado: 404, Ruta consultada: /api/formProductos.js, Metodo GET
[2022-08-30T20:28:50.371] [WARN] warnArchive - Estado: 404, Ruta consultada: /socket.io/socket.io.js, Metodo GET
[2022-08-30T20:31:59.070] [WARN] warnArchive - Estado: 404, Ruta consultada: /api/formProductos.js, Metodo GET
[2022-08-30T20:32:05.001] [WARN] warnArchive - Estado: 404, Ruta consultada: /api/formProductos.js, Metodo GET
[2022-08-30T20:32:10.742] [WARN] warnArchive - Estado: 404, Ruta consultada: /api/formProductos.js, Metodo GET
[2022-08-30T20:32:12.410] [WARN] warnArchive - Estado: 404, Ruta consultada: /api/formProductos.js, Metodo GET
[2022-08-30T20:32:14.353] [WARN] warnArchive - Estado: 404, Ruta consultada: /api/formProductos.js, Metodo GET
[2022-08-30T20:32:48.150] [WARN] warnArchive - Estado: 404, Ruta consultada: /avatar/public/avatar/1661719606018-givi%20trekker%20dolomiti%2036%20lts.jpg, Metodo GET
[2022-08-30T20:32:52.970] [WARN] warnArchive - Estado: 404, Ruta consultada: /avatar/public/avatar/1661719606018-givi%20trekker%20dolomiti%2036%20lts.jpg, Metodo GET
[2022-09-24T09:41:27.477] [WARN] warnArchive - Estado: 404, Ruta consultada: /socket.io/?EIO=4&transport=polling&t=ODlX4--, Metodo GET
[2022-09-24T09:41:29.770] [WARN] warnArchive - Estado: 404, Ruta consultada: /socket.io/?EIO=4&transport=polling&t=ODlX5z9, Metodo GET
[2022-09-28T18:31:59.715] [WARN] warnArchive - Estado: 404, Ruta consultada: /favicon.ico, Metodo GET
[2022-09-28T18:32:00.402] [WARN] warnArchive - Estado: 404, Ruta consultada: /favicon.ico, Metodo GET
[2022-09-28T18:32:02.898] [WARN] warnArchive - Estado: 404, Ruta consultada: /favicon.ico, Metodo GET
[2022-09-28T18:32:03.777] [WARN] warnArchive - Estado: 404, Ruta consultada: /favicon.ico, Metodo GET
[2022-09-28T18:32:05.184] [WARN] warnArchive - Estado: 404, Ruta consultada: /api/undefined, Metodo GET
[2022-09-28T18:32:05.389] [WARN] warnArchive - Estado: 404, Ruta consultada: /favicon.ico, Metodo GET
[2022-09-28T18:32:06.835] [WARN] warnArchive - Estado: 404, Ruta consultada: /api/undefined, Metodo GET
[2022-09-28T18:32:06.944] [WARN] warnArchive - Estado: 404, Ruta consultada: /favicon.ico, Metodo GET
[2022-09-28T18:32:07.514] [WARN] warnArchive - Estado: 404, Ruta consultada: /favicon.ico, Metodo GET
[2022-09-28T18:32:08.849] [WARN] warnArchive - Estado: 404, Ruta consultada: /favicon.ico, Metodo GET
[2022-09-28T18:32:24.737] [WARN] warnArchive - Estado: 404, Ruta consultada: /favicon.ico, Metodo GET
[2022-09-28T18:32:27.506] [WARN] warnArchive - Estado: 404, Ruta consultada: /api/undefined, Metodo GET
[2022-09-28T18:32:27.623] [WARN] warnArchive - Estado: 404, Ruta consultada: /favicon.ico, Metodo GET
[2022-09-28T18:32:29.820] [WARN] warnArchive - Estado: 404, Ruta consultada: /api/undefined, Metodo GET
[2022-09-28T18:32:29.930] [WARN] warnArchive - Estado: 404, Ruta consultada: /favicon.ico, Metodo GET
[2022-09-28T18:32:34.667] [WARN] warnArchive - Estado: 404, Ruta consultada: /favicon.ico, Metodo GET
[2022-09-28T18:32:35.493] [WARN] warnArchive - Estado: 404, Ruta consultada: /favicon.ico, Metodo GET
[2022-09-28T18:32:36.079] [WARN] warnArchive - Estado: 404, Ruta consultada: /api/undefined, Metodo GET
[2022-09-28T18:32:36.194] [WARN] warnArchive - Estado: 404, Ruta consultada: /favicon.ico, Metodo GET
[2022-09-28T18:32:36.857] [WARN] warnArchive - Estado: 404, Ruta consultada: /favicon.ico, Metodo GET
[2022-09-28T18:32:38.609] [WARN] warnArchive - Estado: 404, Ruta consultada: /favicon.ico, Metodo GET
[2022-09-28T18:32:39.771] [WARN] warnArchive - Estado: 404, Ruta consultada: /api/undefined, Metodo GET
[2022-09-28T18:32:39.878] [WARN] warnArchive - Estado: 404, Ruta consultada: /favicon.ico, Metodo GET
[2022-09-28T18:32:41.902] [WARN] warnArchive - Estado: 404, Ruta consultada: /favicon.ico, Metodo GET
[2022-09-28T18:32:42.613] [WARN] warnArchive - Estado: 404, Ruta consultada: /favicon.ico, Metodo GET
[2022-09-28T18:32:43.279] [WARN] warnArchive - Estado: 404, Ruta consultada: /api/undefined, Metodo GET
[2022-09-28T18:32:43.429] [WARN] warnArchive - Estado: 404, Ruta consultada: /favicon.ico, Metodo GET
[2022-09-28T18:32:44.384] [WARN] warnArchive - Estado: 404, Ruta consultada: /api/undefined, Metodo GET
[2022-09-28T18:32:44.499] [WARN] warnArchive - Estado: 404, Ruta consultada: /favicon.ico, Metodo GET
[2022-09-28T18:32:45.168] [WARN] warnArchive - Estado: 404, Ruta consultada: /api/undefined, Metodo GET
[2022-09-28T18:32:45.277] [WARN] warnArchive - Estado: 404, Ruta consultada: /favicon.ico, Metodo GET
[2022-09-28T18:32:45.866] [WARN] warnArchive - Estado: 404, Ruta consultada: /favicon.ico, Metodo GET
[2022-09-28T18:32:47.149] [WARN] warnArchive - Estado: 404, Ruta consultada: /favicon.ico, Metodo GET
[2022-09-28T18:32:49.069] [WARN] warnArchive - Estado: 404, Ruta consultada: /favicon.ico, Metodo GET
[2022-09-28T18:33:23.015] [WARN] warnArchive - Estado: 404, Ruta consultada: /favicon.ico, Metodo GET
[2022-09-28T18:33:24.251] [WARN] warnArchive - Estado: 404, Ruta consultada: /favicon.ico, Metodo GET
[2022-09-28T18:33:25.901] [WARN] warnArchive - Estado: 404, Ruta consultada: /favicon.ico, Metodo GET
[2022-09-28T18:33:26.649] [WARN] warnArchive - Estado: 404, Ruta consultada: /api/undefined, Metodo GET
[2022-09-28T18:33:26.769] [WARN] warnArchive - Estado: 404, Ruta consultada: /favicon.ico, Metodo GET
[2022-09-28T18:33:28.636] [WARN] warnArchive - Estado: 404, Ruta consultada: /favicon.ico, Metodo GET
[2022-09-28T18:33:29.634] [WARN] warnArchive - Estado: 404, Ruta consultada: /favicon.ico, Metodo GET
[2023-03-14T21:17:01.772] [WARN] warnArchive - Estado: 404, Ruta consultada: /favicon.ico, Metodo GET
[2023-03-14T21:17:16.363] [WARN] warnArchive - Estado: 404, Ruta consultada: /favicon.ico, Metodo GET
[2023-03-14T21:17:26.290] [WARN] warnArchive - Estado: 404, Ruta consultada: /api/producto, Metodo GET
[2023-03-14T21:17:26.329] [WARN] warnArchive - Estado: 404, Ruta consultada: /favicon.ico, Metodo GET
[2023-03-14T21:17:28.653] [WARN] warnArchive - Estado: 404, Ruta consultada: /favicon.ico, Metodo GET
[2023-03-14T21:17:30.431] [WARN] warnArchive - Estado: 404, Ruta consultada: /favicon.ico, Metodo GET
[2023-03-14T21:17:31.732] [WARN] warnArchive - Estado: 404, Ruta consultada: /favicon.ico, Metodo GET
[2023-03-14T21:17:38.140] [WARN] warnArchive - Estado: 404, Ruta consultada: /favicon.ico, Metodo GET
[2023-03-14T21:18:40.169] [WARN] warnArchive - Estado: 404, Ruta consultada: /favicon.ico, Metodo GET
[2023-03-14T21:19:03.205] [WARN] warnArchive - Estado: 404, Ruta consultada: /favicon.ico, Metodo GET
[2023-03-14T21:19:31.794] [WARN] warnArchive - Estado: 404, Ruta consultada: /favicon.ico, Metodo GET
[2023-03-14T21:20:00.982] [WARN] warnArchive - Estado: 404, Ruta consultada: /favicon.ico, Metodo GET
[2023-03-14T21:20:09.691] [WARN] warnArchive - Estado: 404, Ruta consultada: /favicon.ico, Metodo GET
[2023-03-14T21:20:12.814] [WARN] warnArchive - Estado: 404, Ruta consultada: /favicon.ico, Metodo GET
[2023-03-14T21:21:43.681] [WARN] warnArchive - Estado: 404, Ruta consultada: /favicon.ico, Metodo GET
[2023-03-14T21:21:53.575] [WARN] warnArchive - Estado: 404, Ruta consultada: /favicon.ico, Metodo GET
[2023-03-14T21:22:10.239] [WARN] warnArchive - Estado: 404, Ruta consultada: /favicon.ico, Metodo GET
[2023-03-14T21:23:26.388] [WARN] warnArchive - Estado: 404, Ruta consultada: /favicon.ico, Metodo GET
[2023-03-14T21:23:28.083] [WARN] warnArchive - Estado: 404, Ruta consultada: /favicon.ico, Metodo GET
[2023-03-14T21:23:39.291] [WARN] warnArchive - Estado: 404, Ruta consultada: /favicon.ico, Metodo GET
[2023-03-14T21:24:20.251] [WARN] warnArchive - Estado: 404, Ruta consultada: /favicon.ico, Metodo GET
[2023-03-14T21:24:45.961] [WARN] warnArchive - Estado: 404, Ruta consultada: /favicon.ico, Metodo GET
[2023-03-14T21:26:42.829] [WARN] warnArchive - Estado: 404, Ruta consultada: /favicon.ico, Metodo GET
[2023-03-14T21:27:07.112] [WARN] warnArchive - Estado: 404, Ruta consultada: /favicon.ico, Metodo GET
[2023-03-14T21:27:15.061] [WARN] warnArchive - Estado: 404, Ruta consultada: /favicon.ico, Metodo GET
[2023-03-14T21:27:22.108] [WARN] warnArchive - Estado: 404, Ruta consultada: /favicon.ico, Metodo GET
[2023-03-14T21:27:59.946] [WARN] warnArchive - Estado: 404, Ruta consultada: /favicon.ico, Metodo GET
[2023-03-14T21:28:12.674] [WARN] warnArchive - Estado: 404, Ruta consultada: /favicon.ico, Metodo GET
[2023-03-14T21:37:53.605] [WARN] warnArchive - Estado: 404, Ruta consultada: /favicon.ico, Metodo GET
[2023-03-14T22:04:00.511] [WARN] warnArchive - Estado: 404, Ruta consultada: /favicon.ico, Metodo GET
[2023-03-14T22:05:06.495] [WARN] warnArchive - Estado: 404, Ruta consultada: /favicon.ico, Metodo GET
[2023-03-14T22:05:07.407] [WARN] warnArchive - Estado: 404, Ruta consultada: /favicon.ico, Metodo GET
[2023-03-14T22:05:07.612] [WARN] warnArchive - Estado: 404, Ruta consultada: /favicon.ico, Metodo GET
[2023-03-14T22:05:36.413] [WARN] warnArchive - Estado: 404, Ruta consultada: /favicon.ico, Metodo GET
[2023-03-14T22:05:37.053] [WARN] warnArchive - Estado: 404, Ruta consultada: /favicon.ico, Metodo GET
[2023-03-14T22:05:51.370] [WARN] warnArchive - Estado: 404, Ruta consultada: /favicon.ico, Metodo GET
[2023-03-14T22:08:11.914] [WARN] warnArchive - Estado: 404, Ruta consultada: /favicon.ico, Metodo GET
[2023-03-14T22:08:12.552] [WARN] warnArchive - Estado: 404, Ruta consultada: /favicon.ico, Metodo GET
[2023-03-14T22:08:39.440] [WARN] warnArchive - Estado: 404, Ruta consultada: /favicon.ico, Metodo GET
[2023-03-14T22:08:40.131] [WARN] warnArchive - Estado: 404, Ruta consultada: /favicon.ico, Metodo GET
[2023-03-14T22:08:59.172] [WARN] warnArchive - Estado: 404, Ruta consultada: /favicon.ico, Metodo GET
[2023-03-14T22:09:00.005] [WARN] warnArchive - Estado: 404, Ruta consultada: /favicon.ico, Metodo GET
[2023-03-14T22:10:48.472] [WARN] warnArchive - Estado: 404, Ruta consultada: /favicon.ico, Metodo GET
[2023-03-14T22:15:04.244] [WARN] warnArchive - Estado: 404, Ruta consultada: /favicon.ico, Metodo GET
[2023-03-14T22:15:05.146] [WARN] warnArchive - Estado: 404, Ruta consultada: /favicon.ico, Metodo GET
[2023-03-14T22:15:19.898] [WARN] warnArchive - Estado: 404, Ruta consultada: /favicon.ico, Metodo GET
[2023-03-14T22:15:20.887] [WARN] warnArchive - Estado: 404, Ruta consultada: /favicon.ico, Metodo GET
[2023-03-14T22:16:40.785] [WARN] warnArchive - Estado: 404, Ruta consultada: /favicon.ico, Metodo GET
[2023-03-14T22:17:05.077] [WARN] warnArchive - Estado: 404, Ruta consultada: /favicon.ico, Metodo GET
[2023-03-14T22:17:05.943] [WARN] warnArchive - Estado: 404, Ruta consultada: /favicon.ico, Metodo GET
[2023-03-14T22:17:34.439] [WARN] warnArchive - Estado: 404, Ruta consultada: /favicon.ico, Metodo GET
[2023-03-14T22:17:35.270] [WARN] warnArchive - Estado: 404, Ruta consultada: /favicon.ico, Metodo GET
[2023-03-14T22:17:35.473] [WARN] warnArchive - Estado: 404, Ruta consultada: /favicon.ico, Metodo GET
[2023-03-14T22:17:35.681] [WARN] warnArchive - Estado: 404, Ruta consultada: /favicon.ico, Metodo GET
[2023-03-14T22:17:35.810] [WARN] warnArchive - Estado: 404, Ruta consultada: /favicon.ico, Metodo GET
[2023-03-14T22:17:35.944] [WARN] warnArchive - Estado: 404, Ruta consultada: /favicon.ico, Metodo GET
[2023-03-14T22:17:36.191] [WARN] warnArchive - Estado: 404, Ruta consultada: /favicon.ico, Metodo GET
[2023-03-14T22:17:38.772] [WARN] warnArchive - Estado: 404, Ruta consultada: /favicon.ico, Metodo GET
[2023-03-14T22:17:55.768] [WARN] warnArchive - Estado: 404, Ruta consultada: /favicon.ico, Metodo GET
[2023-03-14T22:17:57.649] [WARN] warnArchive - Estado: 404, Ruta consultada: /favicon.ico, Metodo GET
[2023-03-14T22:18:08.443] [WARN] warnArchive - Estado: 404, Ruta consultada: /favicon.ico, Metodo GET
[2023-03-14T22:18:31.291] [WARN] warnArchive - Estado: 404, Ruta consultada: /favicon.ico, Metodo GET
[2023-03-14T22:19:25.878] [WARN] warnArchive - Estado: 404, Ruta consultada: /favicon.ico, Metodo GET
[2023-03-14T22:19:26.527] [WARN] warnArchive - Estado: 404, Ruta consultada: /favicon.ico, Metodo GET
[2023-03-14T22:19:32.866] [WARN] warnArchive - Estado: 404, Ruta consultada: /favicon.ico, Metodo GET
[2023-03-14T22:19:46.072] [WARN] warnArchive - Estado: 404, Ruta consultada: /favicon.ico, Metodo GET
[2023-03-14T22:19:56.277] [WARN] warnArchive - Estado: 404, Ruta consultada: /favicon.ico, Metodo GET
[2023-03-14T22:19:59.896] [WARN] warnArchive - Estado: 404, Ruta consultada: /favicon.ico, Metodo GET
[2023-03-14T22:20:01.293] [WARN] warnArchive - Estado: 404, Ruta consultada: /favicon.ico, Metodo GET
[2023-03-14T22:20:01.461] [WARN] warnArchive - Estado: 404, Ruta consultada: /favicon.ico, Metodo GET
[2023-03-14T22:20:01.613] [WARN] warnArchive - Estado: 404, Ruta consultada: /favicon.ico, Metodo GET
[2023-03-14T22:20:01.763] [WARN] warnArchive - Estado: 404, Ruta consultada: /favicon.ico, Metodo GET
[2023-03-14T22:20:01.907] [WARN] warnArchive - Estado: 404, Ruta consultada: /favicon.ico, Metodo GET
[2023-03-14T22:20:02.234] [WARN] warnArchive - Estado: 404, Ruta consultada: /favicon.ico, Metodo GET
[2023-03-14T22:22:16.341] [WARN] warnArchive - Estado: 404, Ruta consultada: /favicon.ico, Metodo GET
[2023-03-14T22:22:18.942] [WARN] warnArchive - Estado: 404, Ruta consultada: /favicon.ico, Metodo GET
[2023-03-14T22:22:21.880] [WARN] warnArchive - Estado: 404, Ruta consultada: /favicon.ico, Metodo GET
[2023-03-14T22:22:23.108] [WARN] warnArchive - Estado: 404, Ruta consultada: /favicon.ico, Metodo GET
[2023-03-14T22:22:51.747] [WARN] warnArchive - Estado: 404, Ruta consultada: /favicon.ico, Metodo GET
[2023-03-14T22:35:24.264] [WARN] warnArchive - Estado: 404, Ruta consultada: /favicon.ico, Metodo GET
[2023-03-14T22:35:26.495] [WARN] warnArchive - Estado: 404, Ruta consultada: /favicon.ico, Metodo GET
[2023-03-14T22:35:29.471] [WARN] warnArchive - Estado: 404, Ruta consultada: /favicon.ico, Metodo GET
[2023-03-14T22:35:37.525] [WARN] warnArchive - Estado: 404, Ruta consultada: /favicon.ico, Metodo GET
[2023-03-14T22:35:47.956] [WARN] warnArchive - Estado: 404, Ruta consultada: /favicon.ico, Metodo GET
[2023-03-14T22:36:16.886] [WARN] warnArchive - Estado: 404, Ruta consultada: /favicon.ico, Metodo GET
[2023-03-14T22:46:38.334] [WARN] warnArchive - Estado: 404, Ruta consultada: /favicon.ico, Metodo GET
[2023-03-14T22:46:40.142] [WARN] warnArchive - Estado: 404, Ruta consultada: /favicon.ico, Metodo GET
[2023-03-14T22:46:41.043] [WARN] warnArchive - Estado: 404, Ruta consultada: /favicon.ico, Metodo GET
[2023-03-14T22:46:41.756] [WARN] warnArchive - Estado: 404, Ruta consultada: /favicon.ico, Metodo GET
[2023-03-14T22:46:41.959] [WARN] warnArchive - Estado: 404, Ruta consultada: /favicon.ico, Metodo GET
[2023-03-14T22:46:42.128] [WARN] warnArchive - Estado: 404, Ruta consultada: /favicon.ico, Metodo GET
[2023-03-14T22:46:42.498] [WARN] warnArchive - Estado: 404, Ruta consultada: /favicon.ico, Metodo GET
[2023-03-14T22:46:42.681] [WARN] warnArchive - Estado: 404, Ruta consultada: /favicon.ico, Metodo GET
[2023-03-14T22:46:43.136] [WARN] warnArchive - Estado: 404, Ruta consultada: /favicon.ico, Metodo GET
[2023-03-14T22:46:45.326] [WARN] warnArchive - Estado: 404, Ruta consultada: /favicon.ico, Metodo GET
[2023-03-14T22:47:08.708] [WARN] warnArchive - Estado: 404, Ruta consultada: /favicon.ico, Metodo GET
[2023-03-14T22:48:03.239] [WARN] warnArchive - Estado: 404, Ruta consultada: /favicon.ico, Metodo GET
[2023-03-14T22:48:04.076] [WARN] warnArchive - Estado: 404, Ruta consultada: /favicon.ico, Metodo GET
[2023-03-14T22:48:08.749] [WARN] warnArchive - Estado: 404, Ruta consultada: /favicon.ico, Metodo GET
[2023-03-14T22:48:11.735] [WARN] warnArchive - Estado: 404, Ruta consultada: /favicon.ico, Metodo GET
[2023-03-14T22:48:19.900] [WARN] warnArchive - Estado: 404, Ruta consultada: /favicon.ico, Metodo GET
[2023-03-14T22:48:25.857] [WARN] warnArchive - Estado: 404, Ruta consultada: /favicon.ico, Metodo GET
[2023-03-14T22:48:26.641] [WARN] warnArchive - Estado: 404, Ruta consultada: /favicon.ico, Metodo GET
[2023-03-14T22:48:28.384] [WARN] warnArchive - Estado: 404, Ruta consultada: /favicon.ico, Metodo GET
[2023-03-14T22:48:29.348] [WARN] warnArchive - Estado: 404, Ruta consultada: /favicon.ico, Metodo GET
[2023-03-14T22:49:04.647] [WARN] warnArchive - Estado: 404, Ruta consultada: /favicon.ico, Metodo GET
[2023-03-14T22:49:08.299] [WARN] warnArchive - Estado: 404, Ruta consultada: /favicon.ico, Metodo GET
[2023-03-14T22:49:08.859] [WARN] warnArchive - Estado: 404, Ruta consultada: /favicon.ico, Metodo GET
[2023-03-14T22:49:15.088] [WARN] warnArchive - Estado: 404, Ruta consultada: /favicon.ico, Metodo GET
[2023-03-14T22:49:16.278] [WARN] warnArchive - Estado: 404, Ruta consultada: /favicon.ico, Metodo GET
[2023-03-14T22:49:17.404] [WARN] warnArchive - Estado: 404, Ruta consultada: /favicon.ico, Metodo GET
[2023-03-14T22:49:17.773] [WARN] warnArchive - Estado: 404, Ruta consultada: /favicon.ico, Metodo GET
[2023-03-14T22:57:13.859] [WARN] warnArchive - Estado: 404, Ruta consultada: /favicon.ico, Metodo GET
[2023-03-14T22:57:14.541] [WARN] warnArchive - Estado: 404, Ruta consultada: /favicon.ico, Metodo GET
[2023-03-14T22:57:14.714] [WARN] warnArchive - Estado: 404, Ruta consultada: /favicon.ico, Metodo GET
[2023-03-14T22:57:14.866] [WARN] warnArchive - Estado: 404, Ruta consultada: /favicon.ico, Metodo GET
[2023-03-14T22:57:16.723] [WARN] warnArchive - Estado: 404, Ruta consultada: /favicon.ico, Metodo GET
[2023-03-14T22:57:18.182] [WARN] warnArchive - Estado: 404, Ruta consultada: /favicon.ico, Metodo GET
[2023-03-14T22:57:34.213] [WARN] warnArchive - Estado: 404, Ruta consultada: /favicon.ico, Metodo GET
[2023-03-14T22:57:35.537] [WARN] warnArchive - Estado: 404, Ruta consultada: /favicon.ico, Metodo GET
[2023-03-14T23:55:54.078] [WARN] warnArchive - Estado: 404, Ruta consultada: /favicon.ico, Metodo GET
[2023-03-14T23:55:56.095] [WARN] warnArchive - Estado: 404, Ruta consultada: /favicon.ico, Metodo GET
[2023-03-20T17:30:09.682] [WARN] warnArchive - Estado: 404, Ruta consultada: /favicon.ico, Metodo GET
[2023-03-20T17:30:34.320] [WARN] warnArchive - Estado: 404, Ruta consultada: /favicon.ico, Metodo GET
[2023-03-20T17:35:10.200] [WARN] warnArchive - Estado: 404, Ruta consultada: /favicon.ico, Metodo GET
[2023-03-20T17:35:12.381] [WARN] warnArchive - Estado: 404, Ruta consultada: /favicon.ico, Metodo GET
[2023-03-20T17:35:13.092] [WARN] warnArchive - Estado: 404, Ruta consultada: /favicon.ico, Metodo GET
[2023-03-20T17:35:13.700] [WARN] warnArchive - Estado: 404, Ruta consultada: /favicon.ico, Metodo GET
[2023-03-20T17:35:14.297] [WARN] warnArchive - Estado: 404, Ruta consultada: /favicon.ico, Metodo GET
[2023-03-20T17:35:14.498] [WARN] warnArchive - Estado: 404, Ruta consultada: /favicon.ico, Metodo GET
[2023-03-20T17:35:17.494] [WARN] warnArchive - Estado: 404, Ruta consultada: /favicon.ico, Metodo GET
[2023-03-20T17:37:01.136] [WARN] warnArchive - Estado: 404, Ruta consultada: /favicon.ico, Metodo GET
[2023-03-20T17:37:01.901] [WARN] warnArchive - Estado: 404, Ruta consultada: /favicon.ico, Metodo GET
[2023-03-20T17:37:02.059] [WARN] warnArchive - Estado: 404, Ruta consultada: /favicon.ico, Metodo GET
[2023-03-20T17:37:02.212] [WARN] warnArchive - Estado: 404, Ruta consultada: /favicon.ico, Metodo GET
[2023-03-20T17:37:02.391] [WARN] warnArchive - Estado: 404, Ruta consultada: /favicon.ico, Metodo GET
[2023-03-20T17:37:02.560] [WARN] warnArchive - Estado: 404, Ruta consultada: /favicon.ico, Metodo GET
[2023-03-20T17:37:02.723] [WARN] warnArchive - Estado: 404, Ruta consultada: /favicon.ico, Metodo GET
[2023-03-20T17:37:02.879] [WARN] warnArchive - Estado: 404, Ruta consultada: /favicon.ico, Metodo GET
[2023-03-20T17:37:03.072] [WARN] warnArchive - Estado: 404, Ruta consultada: /favicon.ico, Metodo GET
[2023-03-20T17:37:03.244] [WARN] warnArchive - Estado: 404, Ruta consultada: /favicon.ico, Metodo GET
[2023-03-20T17:37:06.970] [WARN] warnArchive - Estado: 404, Ruta consultada: /favicon.ico, Metodo GET
[2023-03-20T17:37:09.603] [WARN] warnArchive - Estado: 404, Ruta consultada: /favicon.ico, Metodo GET
[2023-03-20T17:37:10.358] [WARN] warnArchive - Estado: 404, Ruta consultada: /favicon.ico, Metodo GET
[2023-03-20T17:38:03.950] [WARN] warnArchive - Estado: 404, Ruta consultada: /favicon.ico, Metodo GET
[2023-03-20T17:38:17.326] [WARN] warnArchive - Estado: 404, Ruta consultada: /favicon.ico, Metodo GET
[2023-03-20T17:38:24.653] [WARN] warnArchive - Estado: 404, Ruta consultada: /favicon.ico, Metodo GET
[2023-03-20T17:38:33.729] [WARN] warnArchive - Estado: 404, Ruta consultada: /favicon.ico, Metodo GET
[2023-03-20T17:38:41.428] [WARN] warnArchive - Estado: 404, Ruta consultada: /favicon.ico, Metodo GET
[2023-03-20T17:39:14.334] [WARN] warnArchive - Estado: 404, Ruta consultada: /favicon.ico, Metodo GET
[2023-03-20T17:39:18.728] [WARN] warnArchive - Estado: 404, Ruta consultada: /favicon.ico, Metodo GET
[2023-03-20T17:39:28.064] [WARN] warnArchive - Estado: 404, Ruta consultada: /favicon.ico, Metodo GET
[2023-03-20T17:39:29.001] [WARN] warnArchive - Estado: 404, Ruta consultada: /favicon.ico, Metodo GET
[2023-03-20T17:39:34.467] [WARN] warnArchive - Estado: 404, Ruta consultada: /favicon.ico, Metodo GET
[2023-03-20T17:40:28.561] [WARN] warnArchive - Estado: 404, Ruta consultada: /favicon.ico, Metodo GET
[2023-03-20T17:40:30.010] [WARN] warnArchive - Estado: 404, Ruta consultada: /favicon.ico, Metodo GET
[2023-03-20T17:40:30.267] [WARN] warnArchive - Estado: 404, Ruta consultada: /favicon.ico, Metodo GET
[2023-03-20T17:40:30.476] [WARN] warnArchive - Estado: 404, Ruta consultada: /favicon.ico, Metodo GET
[2023-03-20T17:40:30.923] [WARN] warnArchive - Estado: 404, Ruta consultada: /favicon.ico, Metodo GET
[2023-03-20T17:40:36.244] [WARN] warnArchive - Estado: 404, Ruta consultada: /favicon.ico, Metodo GET
[2023-03-20T17:40:37.050] [WARN] warnArchive - Estado: 404, Ruta consultada: /favicon.ico, Metodo GET
[2023-03-20T17:40:37.811] [WARN] warnArchive - Estado: 404, Ruta consultada: /favicon.ico, Metodo GET
[2023-03-20T17:40:40.719] [WARN] warnArchive - Estado: 404, Ruta consultada: /favicon.ico, Metodo GET
[2023-03-20T17:40:45.768] [WARN] warnArchive - Estado: 404, Ruta consultada: /favicon.ico, Metodo GET
[2023-03-20T17:40:47.010] [WARN] warnArchive - Estado: 404, Ruta consultada: /favicon.ico, Metodo GET
[2023-03-20T17:40:55.601] [WARN] warnArchive - Estado: 404, Ruta consultada: /favicon.ico, Metodo GET
[2023-03-20T17:41:16.454] [WARN] warnArchive - Estado: 404, Ruta consultada: /favicon.ico, Metodo GET
[2023-03-20T17:41:17.198] [WARN] warnArchive - Estado: 404, Ruta consultada: /favicon.ico, Metodo GET
[2023-03-20T17:41:28.056] [WARN] warnArchive - Estado: 404, Ruta consultada: /favicon.ico, Metodo GET
[2023-03-20T17:41:49.216] [WARN] warnArchive - Estado: 404, Ruta consultada: /favicon.ico, Metodo GET
[2023-03-20T17:41:54.324] [WARN] warnArchive - Estado: 404, Ruta consultada: /favicon.ico, Metodo GET
[2023-03-20T17:41:55.660] [WARN] warnArchive - Estado: 404, Ruta consultada: /favicon.ico, Metodo GET
[2023-03-20T17:42:02.966] [WARN] warnArchive - Estado: 404, Ruta consultada: /favicon.ico, Metodo GET
[2023-03-20T17:42:22.914] [WARN] warnArchive - Estado: 404, Ruta consultada: /favicon.ico, Metodo GET
[2023-03-20T17:44:05.081] [WARN] warnArchive - Estado: 404, Ruta consultada: /favicon.ico, Metodo GET
[2023-03-20T17:44:06.179] [WARN] warnArchive - Estado: 404, Ruta consultada: /favicon.ico, Metodo GET
[2023-03-20T17:46:29.081] [WARN] warnArchive - Estado: 404, Ruta consultada: /favicon.ico, Metodo GET
[2023-03-20T17:46:30.448] [WARN] warnArchive - Estado: 404, Ruta consultada: /favicon.ico, Metodo GET
[2023-03-20T17:46:30.729] [WARN] warnArchive - Estado: 404, Ruta consultada: /favicon.ico, Metodo GET
[2023-03-20T17:46:30.946] [WARN] warnArchive - Estado: 404, Ruta consultada: /favicon.ico, Metodo GET
[2023-03-20T17:46:31.151] [WARN] warnArchive - Estado: 404, Ruta consultada: /favicon.ico, Metodo GET
[2023-03-20T17:46:57.479] [WARN] warnArchive - Estado: 404, Ruta consultada: /favicon.ico, Metodo GET
[2023-03-20T17:47:01.466] [WARN] warnArchive - Estado: 404, Ruta consultada: /favicon.ico, Metodo GET
[2023-03-20T17:47:01.961] [WARN] warnArchive - Estado: 404, Ruta consultada: /favicon.ico, Metodo GET
[2023-03-20T17:47:02.139] [WARN] warnArchive - Estado: 404, Ruta consultada: /favicon.ico, Metodo GET
[2023-03-20T17:47:02.319] [WARN] warnArchive - Estado: 404, Ruta consultada: /favicon.ico, Metodo GET
[2023-03-20T17:47:02.503] [WARN] warnArchive - Estado: 404, Ruta consultada: /favicon.ico, Metodo GET
[2023-03-20T17:47:02.688] [WARN] warnArchive - Estado: 404, Ruta consultada: /favicon.ico, Metodo GET
[2023-03-20T17:47:03.040] [WARN] warnArchive - Estado: 404, Ruta consultada: /favicon.ico, Metodo GET
[2023-03-20T17:47:04.819] [WARN] warnArchive - Estado: 404, Ruta consultada: /favicon.ico, Metodo GET
[2023-03-20T17:47:13.347] [WARN] warnArchive - Estado: 404, Ruta consultada: /favicon.ico, Metodo GET
[2023-03-20T17:47:24.212] [WARN] warnArchive - Estado: 404, Ruta consultada: /favicon.ico, Metodo GET
[2023-03-20T17:47:24.824] [WARN] warnArchive - Estado: 404, Ruta consultada: /favicon.ico, Metodo GET
[2023-03-20T17:50:06.674] [WARN] warnArchive - Estado: 404, Ruta consultada: /favicon.ico, Metodo GET
[2023-03-20T18:05:00.449] [WARN] warnArchive - Estado: 404, Ruta consultada: /favicon.ico, Metodo GET
[2023-03-20T18:05:19.316] [WARN] warnArchive - Estado: 404, Ruta consultada: /favicon.ico, Metodo GET
[2023-03-20T18:05:24.011] [WARN] warnArchive - Estado: 404, Ruta consultada: /favicon.ico, Metodo GET
[2023-03-20T18:11:58.608] [WARN] warnArchive - Estado: 404, Ruta consultada: /favicon.ico, Metodo GET
[2023-03-20T18:12:00.007] [WARN] warnArchive - Estado: 404, Ruta consultada: /favicon.ico, Metodo GET
[2023-03-20T18:12:00.610] [WARN] warnArchive - Estado: 404, Ruta consultada: /favicon.ico, Metodo GET
[2023-03-20T18:12:05.221] [WARN] warnArchive - Estado: 404, Ruta consultada: /favicon.ico, Metodo GET
[2023-03-20T18:12:09.505] [WARN] warnArchive - Estado: 404, Ruta consultada: /favicon.ico, Metodo GET
[2023-03-20T18:12:10.250] [WARN] warnArchive - Estado: 404, Ruta consultada: /favicon.ico, Metodo GET
[2023-03-20T18:12:11.178] [WARN] warnArchive - Estado: 404, Ruta consultada: /favicon.ico, Metodo GET
[2023-03-20T18:12:19.302] [WARN] warnArchive - Estado: 404, Ruta consultada: /favicon.ico, Metodo GET
[2023-03-20T18:12:20.001] [WARN] warnArchive - Estado: 404, Ruta consultada: /favicon.ico, Metodo GET
[2023-03-20T18:12:20.840] [WARN] warnArchive - Estado: 404, Ruta consultada: /favicon.ico, Metodo GET
[2023-03-20T18:12:21.012] [WARN] warnArchive - Estado: 404, Ruta consultada: /favicon.ico, Metodo GET
[2023-03-20T18:12:21.188] [WARN] warnArchive - Estado: 404, Ruta consultada: /favicon.ico, Metodo GET
[2023-03-20T18:12:21.356] [WARN] warnArchive - Estado: 404, Ruta consultada: /favicon.ico, Metodo GET
[2023-03-20T18:12:21.550] [WARN] warnArchive - Estado: 404, Ruta consultada: /favicon.ico, Metodo GET
[2023-03-20T18:12:24.018] [WARN] warnArchive - Estado: 404, Ruta consultada: /favicon.ico, Metodo GET
[2023-03-21T17:38:54.083] [WARN] warnArchive - Estado: 404, Ruta consultada: /public/chat.css, Metodo GET
[2023-03-21T17:38:54.171] [WARN] warnArchive - Estado: 404, Ruta consultada: /favicon.ico, Metodo GET
[2023-03-21T17:41:23.302] [WARN] warnArchive - Estado: 404, Ruta consultada: /public/chat.css, Metodo GET
[2023-03-21T17:41:29.036] [WARN] warnArchive - Estado: 404, Ruta consultada: /public/chat.css, Metodo GET
[2023-03-21T17:41:36.488] [WARN] warnArchive - Estado: 404, Ruta consultada: /public/chat.css, Metodo GET
[2023-03-21T17:41:47.094] [WARN] warnArchive - Estado: 404, Ruta consultada: /public/chat.css, Metodo GET
[2023-03-28T13:31:26.449] [WARN] warnArchive - Estado: 404, Ruta consultada: /public/chat.css, Metodo GET
[2023-03-28T13:31:26.957] [WARN] warnArchive - Estado: 404, Ruta consultada: /public/chat.css, Metodo GET
[2023-03-28T13:31:27.025] [WARN] warnArchive - Estado: 404, Ruta consultada: /favicon.ico, Metodo GET
[2023-03-28T13:31:37.090] [WARN] warnArchive - Estado: 404, Ruta consultada: /public/chat.css, Metodo GET
[2023-03-28T13:31:40.084] [WARN] warnArchive - Estado: 404, Ruta consultada: /public/chat.css, Metodo GET
[2023-03-28T13:31:50.641] [WARN] warnArchive - Estado: 404, Ruta consultada: /public/chat.css, Metodo GET
[2023-03-28T13:33:00.714] [WARN] warnArchive - Estado: 404, Ruta consultada: /public/chat.css, Metodo GET
[2023-03-28T13:33:03.041] [WARN] warnArchive - Estado: 404, Ruta consultada: /public/chat.css, Metodo GET
[2023-03-28T13:33:19.033] [WARN] warnArchive - Estado: 404, Ruta consultada: /public/chat.css, Metodo GET
[2023-03-28T13:33:19.692] [WARN] warnArchive - Estado: 404, Ruta consultada: /public/chat.css, Metodo GET
[2023-03-28T13:33:19.888] [WARN] warnArchive - Estado: 404, Ruta consultada: /public/chat.css, Metodo GET
[2023-03-28T13:33:20.076] [WARN] warnArchive - Estado: 404, Ruta consultada: /public/chat.css, Metodo GET
[2023-03-28T13:34:32.117] [WARN] warnArchive - Estado: 404, Ruta consultada: /public/chat.css, Metodo GET
[2023-03-28T13:34:32.994] [WARN] warnArchive - Estado: 404, Ruta consultada: /public/chat.css, Metodo GET
[2023-03-28T13:34:33.174] [WARN] warnArchive - Estado: 404, Ruta consultada: /public/chat.css, Metodo GET
[2023-03-28T13:34:33.353] [WARN] warnArchive - Estado: 404, Ruta consultada: /public/chat.css, Metodo GET
[2023-03-28T13:34:33.524] [WARN] warnArchive - Estado: 404, Ruta consultada: /public/chat.css, Metodo GET
[2023-03-28T13:34:33.837] [WARN] warnArchive - Estado: 404, Ruta consultada: /public/chat.css, Metodo GET
[2023-03-28T13:34:34.003] [WARN] warnArchive - Estado: 404, Ruta consultada: /public/chat.css, Metodo GET
[2023-03-28T13:34:34.179] [WARN] warnArchive - Estado: 404, Ruta consultada: /public/chat.css, Metodo GET
[2023-03-28T13:35:01.288] [WARN] warnArchive - Estado: 404, Ruta consultada: /public/chat.css, Metodo GET
[2023-03-28T13:35:01.850] [WARN] warnArchive - Estado: 404, Ruta consultada: /public/chat.css, Metodo GET
[2023-03-28T13:35:02.010] [WARN] warnArchive - Estado: 404, Ruta consultada: /public/chat.css, Metodo GET
[2023-03-28T13:35:02.174] [WARN] warnArchive - Estado: 404, Ruta consultada: /public/chat.css, Metodo GET
[2023-03-28T13:35:02.335] [WARN] warnArchive - Estado: 404, Ruta consultada: /public/chat.css, Metodo GET
[2023-03-28T13:35:02.515] [WARN] warnArchive - Estado: 404, Ruta consultada: /public/chat.css, Metodo GET
[2023-03-28T13:35:14.962] [WARN] warnArchive - Estado: 404, Ruta consultada: /public/chat.css, Metodo GET
[2023-03-28T13:35:15.481] [WARN] warnArchive - Estado: 404, Ruta consultada: /public/chat.css, Metodo GET
[2023-03-28T13:35:15.648] [WARN] warnArchive - Estado: 404, Ruta consultada: /public/chat.css, Metodo GET
[2023-03-28T13:35:15.806] [WARN] warnArchive - Estado: 404, Ruta consultada: /public/chat.css, Metodo GET
[2023-03-28T13:35:18.015] [WARN] warnArchive - Estado: 404, Ruta consultada: /public/chat.css, Metodo GET
